<?xml version="1.0" encoding="UTF-8"?>
<testng-results ignored="0" total="1" passed="1" failed="0" skipped="0">
  <reporter-output>
  </reporter-output>
  <suite started-at="2024-11-25T01:51:35 IST" name="Surefire suite" finished-at="2024-11-25T01:51:44 IST" duration-ms="9211">
    <groups>
    </groups>
    <test started-at="2024-11-25T01:51:35 IST" name="Surefire test" finished-at="2024-11-25T01:51:44 IST" duration-ms="9211">
      <class name="testcases.LoginTest">
        <test-method is-config="true" signature="setupBrowser()[pri:0, instance:testcases.LoginTest@35aea049]" started-at="2024-11-25T01:51:35 IST" name="setupBrowser" finished-at="2024-11-25T01:51:39 IST" duration-ms="4344" status="PASS">
          <reporter-output>
          </reporter-output>
        </test-method> <!-- setupBrowser -->
        <test-method signature="validLoginTest(java.lang.String,java.lang.String)[pri:0, instance:testcases.LoginTest@35aea049]" started-at="2024-11-25T01:51:40 IST" name="validLoginTest" description="This test will verify valid login scenario" data-provider="login" finished-at="2024-11-25T01:51:43 IST" duration-ms="3044" status="PASS">
          <params>
            <param index="0">
              <value>
                <![CDATA[admin@email.com]]>
              </value>
            </param>
            <param index="1">
              <value>
                <![CDATA[admin@123]]>
              </value>
            </param>
          </params>
          <reporter-output>
          </reporter-output>
        </test-method> <!-- validLoginTest -->
        <test-method is-config="true" signature="teardDown()[pri:0, instance:testcases.LoginTest@35aea049]" started-at="2024-11-25T01:51:43 IST" name="teardDown" finished-at="2024-11-25T01:51:44 IST" duration-ms="571" status="PASS">
          <reporter-output>
          </reporter-output>
        </test-method> <!-- teardDown -->
      </class> <!-- testcases.LoginTest -->
    </test> <!-- Surefire test -->
  </suite> <!-- Surefire suite -->
</testng-results>
