<?xml version="1.0" encoding="UTF-8"?>
<testng-results ignored="0" total="1" passed="1" failed="0" skipped="0">
  <reporter-output>
  </reporter-output>
  <suite started-at="2024-11-25T01:07:21 IST" name="Suite" finished-at="2024-11-25T01:07:34 IST" duration-ms="13111">
    <groups>
    </groups>
    <test started-at="2024-11-25T01:07:21 IST" name="Test" finished-at="2024-11-25T01:07:34 IST" duration-ms="13111">
      <class name="testcases.LoginTest">
        <test-method is-config="true" signature="setupBrowser()[pri:0, instance:testcases.LoginTest@15713d56]" started-at="2024-11-25T01:07:21 IST" name="setupBrowser" finished-at="2024-11-25T01:07:26 IST" duration-ms="5111" status="PASS">
          <reporter-output>
          </reporter-output>
        </test-method> <!-- setupBrowser -->
        <test-method signature="validLoginTest(java.lang.String,java.lang.String)[pri:0, instance:testcases.LoginTest@15713d56]" started-at="2024-11-25T01:07:28 IST" name="validLoginTest" description="This test will verify valid login scenario" data-provider="login" finished-at="2024-11-25T01:07:32 IST" duration-ms="3433" status="PASS">
          <params>
            <param index="0">
              <value>
                <![CDATA[admin@email.com]]>
              </value>
            </param>
            <param index="1">
              <value>
                <![CDATA[admin@123]]>
              </value>
            </param>
          </params>
          <reporter-output>
          </reporter-output>
        </test-method> <!-- validLoginTest -->
        <test-method is-config="true" signature="teardDown()[pri:0, instance:testcases.LoginTest@15713d56]" started-at="2024-11-25T01:07:32 IST" name="teardDown" finished-at="2024-11-25T01:07:34 IST" duration-ms="2052" status="PASS">
          <reporter-output>
          </reporter-output>
        </test-method> <!-- teardDown -->
      </class> <!-- testcases.LoginTest -->
    </test> <!-- Test -->
  </suite> <!-- Suite -->
</testng-results>
